INFO  2019-06-24 20:59:43,776 (Saros.java:220) Starting Saros 14.10.31 running:
  Java Version: 1.8.0_191
  Java Vendor: Oracle Corporation
  Eclipse Runtime Version: 3.15.100.v20181107-1343
  Operating System: Windows 10 (10.0)
  Hardware Architecture: amd64
INFO  2019-06-24 20:59:43,803 (SarosContext.java:153) creating Saros runtime context...
DEBUG 2019-06-24 20:59:43,833 (XMPPAccountStore.java:117) loading accounts from file: C:\Users\TH\.saros\config.dat
DEBUG 2019-06-24 20:59:43,980 (XMPPAccountStore.java:176) loaded 1 account(s)
INFO  2019-06-24 20:59:44,104 (SarosContext.java:199) successfully created Saros runtime context
DEBUG 2019-06-24 20:59:44,118 (DataTransferManager.java:467) used transport order for the current XMPP connection: [XMPP-Socks5-Transport, XMPP-IBB-Transport]
INFO  2019-06-24 20:59:44,133 (PreferenceInitializer.java:50) initializing preference default values
DEBUG 2019-06-24 20:59:44,163 (SarosAnnotation.java:117) resetting annotation colors
DEBUG 2019-06-24 20:59:44,201 (Saros.java:264) autogenerated favorite color id is: 3
DEBUG 2019-06-24 20:59:44,202 (Saros.java:430) skipping conversion of old XMPP accounts, because there are already new ones
DEBUG 2019-06-24 20:59:47,903 (WhiteboardManager.java:194) WhiteboardManager instantiated
DEBUG 2019-06-24 20:59:47,922 (DocumentRecord.java:93) Added Node: attr(156140278791977792) name=svg
DEBUG 2019-06-24 20:59:47,994 (XMPPConnectionService.java:439) started Socks5 proxy on port: 7777 [listening on all interfaces]
DEBUG 2019-06-24 20:59:48,141 (XMPPConnectionService.java:459) using autodetected addresses: [192.168.19.1, 192.168.178.60, 192.168.60.1, fe80:0:0:0:55c5:2f2b:50e8:3642%eth1, 2a02:8109:97bf:e4b4:5ce8:546e:ee1e:7a2, 2a02:8109:97bf:e4b4:305b:ac10:ec3c:65fc, fe80:0:0:0:5ce8:546e:ee1e:7a2%eth6, fe80:0:0:0:4c02:aefa:9a28:2179%eth13]
DEBUG 2019-06-24 20:59:48,145 (XMPPConnectionService.java:398)  new connection state == CONNECTING
ERROR 2019-06-24 20:59:48,286 (StunServiceImpl.java:263) error sending STUN request
java.net.SocketException: Network is unreachable: Datagram send failed
	at java.net.DualStackPlainDatagramSocketImpl.socketSend(Native Method)
	at java.net.DualStackPlainDatagramSocketImpl.send(Unknown Source)
	at java.net.DatagramSocket.send(Unknown Source)
	at de.fu_berlin.inf.dpp.net.stun.internal.StunServiceImpl$StunDiscovery$1.run(StunServiceImpl.java:255)
	at java.lang.Thread.run(Unknown Source)
ERROR 2019-06-24 20:59:48,286 (StunServiceImpl.java:263) error sending STUN request
java.net.SocketException: Network is unreachable: Datagram send failed
	at java.net.DualStackPlainDatagramSocketImpl.socketSend(Native Method)
	at java.net.DualStackPlainDatagramSocketImpl.send(Unknown Source)
	at java.net.DatagramSocket.send(Unknown Source)
	at de.fu_berlin.inf.dpp.net.stun.internal.StunServiceImpl$StunDiscovery$1.run(StunServiceImpl.java:255)
	at java.lang.Thread.run(Unknown Source)
DEBUG 2019-06-24 20:59:49,010 (XMPPConnectionService.java:398) rewinside@saros-con.imp.fu-berlin.de/Saros new connection state == CONNECTED
DEBUG 2019-06-24 20:59:49,011 (DataTransferManager.java:467) used transport order for the current XMPP connection: [XMPP-Socks5-Transport, XMPP-IBB-Transport]
DEBUG 2019-06-24 20:59:49,012 (SkypeManager.java:289) Refreshing Skype username cache...
ERROR 2019-06-24 20:59:51,916 (StunServiceImpl.java:155) an error occurred while performing a STUN discovery: ICMP Port Unreachable
java.net.PortUnreachableException: ICMP Port Unreachable
	at java.net.DualStackPlainDatagramSocketImpl.socketReceiveOrPeekData(Native Method)
	at java.net.DualStackPlainDatagramSocketImpl.receive0(Unknown Source)
	at java.net.AbstractPlainDatagramSocketImpl.receive(Unknown Source)
	at java.net.DatagramSocket.receive(Unknown Source)
	at de.fu_berlin.inf.dpp.net.stun.internal.StunServiceImpl$StunDiscovery.performStunDiscovery(StunServiceImpl.java:284)
	at de.fu_berlin.inf.dpp.net.stun.internal.StunServiceImpl$StunDiscovery.run(StunServiceImpl.java:151)
	at java.lang.Thread.run(Unknown Source)
WARN  2019-06-24 20:59:58,285 (StunServiceImpl.java:420) received no response from STUN server stunserver.org/67.227.226.240:3478 at local address /192.168.60.1:0
WARN  2019-06-24 20:59:58,286 (StunServiceImpl.java:420) received no response from STUN server stunserver.org/67.227.226.240:3478 at local address /192.168.19.1:0
DEBUG 2019-06-24 21:01:14,604 (XMPPConnectionService.java:398) rewinside@saros-con.imp.fu-berlin.de/Saros new connection state == DISCONNECTING
DEBUG 2019-06-24 21:01:14,757 (XMPPConnectionService.java:398)  new connection state == NOT_CONNECTED
DEBUG 2019-06-24 21:01:14,758 (UPnPServiceImpl.java:295) deleting existing port mappings
