[22:00:35] [Client thread/INFO]: Setting user: Player310
[22:00:35] [Client thread/INFO]: (Session ID is token:0:Player310)
[22:00:35] [Client thread/INFO]: [OptiFine] *** Reflector Forge ***
[22:00:35] [Client thread/INFO]: [OptiFine] (Reflector) Class not present: net.minecraftforge.client.model.Attributes
[22:00:35] [Client thread/INFO]: [OptiFine] (Reflector) Class not present: mods.betterfoliage.client.BetterFoliageClient
[22:00:35] [Client thread/INFO]: [OptiFine] (Reflector) Class not present: net.minecraftforge.fml.common.asm.transformers.BlamingTransformer
[22:00:35] [Client thread/INFO]: [OptiFine] (Reflector) Class not present: net.minecraftforge.event.world.ChunkWatchEvent$UnWatch
[22:00:35] [Client thread/INFO]: [OptiFine] (Reflector) Class not present: net.minecraftforge.fml.relauncher.CoreModManager
[22:00:35] [Client thread/INFO]: [OptiFine] (Reflector) Class not present: net.minecraftforge.common.DimensionManager
[22:00:35] [Client thread/INFO]: [OptiFine] (Reflector) Class not present: net.minecraftforge.client.event.GuiScreenEvent$DrawScreenEvent$Pre
[22:00:35] [Client thread/INFO]: [OptiFine] (Reflector) Class not present: net.minecraftforge.client.event.GuiScreenEvent$DrawScreenEvent$Post
[22:00:35] [Client thread/INFO]: [OptiFine] (Reflector) Class not present: net.minecraftforge.client.event.EntityViewRenderEvent$CameraSetup
[22:00:35] [Client thread/INFO]: [OptiFine] (Reflector) Class not present: net.minecraftforge.client.event.EntityViewRenderEvent$FogColors
[22:00:35] [Client thread/INFO]: [OptiFine] (Reflector) Class not present: net.minecraftforge.fml.common.eventhandler.Event
[22:00:35] [Client thread/INFO]: [OptiFine] (Reflector) Class not present: net.minecraftforge.fml.common.eventhandler.EventBus
[22:00:35] [Client thread/INFO]: [OptiFine] (Reflector) Class not present: net.minecraftforge.fml.common.eventhandler.Event$Result
[22:00:35] [Client thread/INFO]: [OptiFine] (Reflector) Class not present: net.minecraftforge.common.property.ExtendedBlockState
[22:00:35] [Client thread/INFO]: [OptiFine] (Reflector) Class not present: net.minecraftforge.fml.client.FMLClientHandler
[22:00:35] [Client thread/INFO]: [OptiFine] (Reflector) Class not present: net.minecraftforge.fml.common.FMLCommonHandler
[22:00:35] [Client thread/INFO]: [OptiFine] (Reflector) Method not present: net.minecraft.world.biome.BiomeGenBase.getWaterColorMultiplier
[22:00:35] [Client thread/INFO]: [OptiFine] (Reflector) Method not present: net.minecraft.block.Block.addDestroyEffects
[22:00:35] [Client thread/INFO]: [OptiFine] (Reflector) Method not present: net.minecraft.block.Block.addHitEffects
[22:00:35] [Client thread/INFO]: [OptiFine] (Reflector) Method not present: net.minecraft.block.Block.canCreatureSpawn
[22:00:35] [Client thread/INFO]: [OptiFine] (Reflector) Method not present: net.minecraft.block.Block.canRenderInLayer
[22:00:35] [Client thread/INFO]: [OptiFine] (Reflector) Method not present: net.minecraft.block.Block.doesSideBlockRendering
[22:00:35] [Client thread/INFO]: [OptiFine] (Reflector) Method not present: net.minecraft.block.Block.getBedDirection
[22:00:35] [Client thread/INFO]: [OptiFine] (Reflector) Method not present: net.minecraft.block.Block.getExtendedState
[22:00:35] [Client thread/INFO]: [OptiFine] (Reflector) Method not present: net.minecraft.block.Block.hasTileEntity
[22:00:35] [Client thread/INFO]: [OptiFine] (Reflector) Method not present: net.minecraft.block.Block.isAir
[22:00:35] [Client thread/INFO]: [OptiFine] (Reflector) Method not present: net.minecraft.block.Block.isBed
[22:00:35] [Client thread/INFO]: [OptiFine] (Reflector) Method not present: net.minecraft.block.Block.isBedFoot
[22:00:35] [Client thread/INFO]: [OptiFine] (Reflector) Method not present: net.minecraft.block.Block.isSideSolid
[22:00:35] [Client thread/INFO]: [OptiFine] (Reflector) Method not present: net.minecraft.entity.Entity.canRiderInteract
[22:00:35] [Client thread/INFO]: [OptiFine] (Reflector) Field not present: net.minecraft.entity.Entity.captureDrops
[22:00:35] [Client thread/INFO]: [OptiFine] (Reflector) Field not present: net.minecraft.entity.Entity.capturedDrops
[22:00:35] [Client thread/INFO]: [OptiFine] (Reflector) Method not present: net.minecraft.entity.Entity.shouldRenderInPass
[22:00:35] [Client thread/INFO]: [OptiFine] (Reflector) Method not present: net.minecraft.entity.Entity.shouldRiderSit
[22:00:35] [Client thread/INFO]: [OptiFine] (Reflector) Class not present: net.minecraftforge.event.ForgeEventFactory
[22:00:35] [Client thread/INFO]: [OptiFine] (Reflector) Class not present: net.minecraftforge.common.ForgeHooks
[22:00:35] [Client thread/INFO]: [OptiFine] (Reflector) Class not present: net.minecraftforge.client.ForgeHooksClient
[22:00:35] [Client thread/INFO]: [OptiFine] (Reflector) Method not present: net.minecraft.item.Item.getDurabilityForDisplay
[22:00:35] [Client thread/INFO]: [OptiFine] (Reflector) Method not present: net.minecraft.item.Item.getModel
[22:00:35] [Client thread/INFO]: [OptiFine] (Reflector) Method not present: net.minecraft.item.Item.onEntitySwing
[22:00:35] [Client thread/INFO]: [OptiFine] (Reflector) Method not present: net.minecraft.item.Item.shouldCauseReequipAnimation
[22:00:35] [Client thread/INFO]: [OptiFine] (Reflector) Method not present: net.minecraft.item.Item.showDurabilityBar
[22:00:35] [Client thread/INFO]: [OptiFine] (Reflector) Method not present: net.minecraft.item.ItemRecord.getRecordResource
[22:00:35] [Client thread/INFO]: [OptiFine] (Reflector) Class not present: net.minecraftforge.common.ForgeModContainer
[22:00:35] [Client thread/INFO]: [OptiFine] (Reflector) Method not present: net.minecraft.potion.PotionEffect.isCurativeItem
[22:00:35] [Client thread/INFO]: [OptiFine] (Reflector) Method not present: net.minecraft.tileentity.TileEntity.canRenderBreaking
[22:00:35] [Client thread/INFO]: [OptiFine] (Reflector) Method not present: net.minecraft.tileentity.TileEntity.getRenderBoundingBox
[22:00:35] [Client thread/INFO]: [OptiFine] (Reflector) Method not present: net.minecraft.tileentity.TileEntity.hasFastRenderer
[22:00:35] [Client thread/INFO]: [OptiFine] (Reflector) Method not present: net.minecraft.tileentity.TileEntity.shouldRenderInPass
[22:00:35] [Client thread/INFO]: [OptiFine] (Reflector) Method not present: net.minecraft.client.renderer.tileentity.TileEntityRendererDispatcher.preDrawBatch
[22:00:35] [Client thread/INFO]: [OptiFine] (Reflector) Method not present: net.minecraft.client.renderer.tileentity.TileEntityRendererDispatcher.drawBatch
[22:00:35] [Client thread/INFO]: [OptiFine] (Reflector) Method not present: net.minecraft.client.renderer.vertex.VertexFormatElement$EnumUsage.preDraw
[22:00:35] [Client thread/INFO]: [OptiFine] (Reflector) Method not present: net.minecraft.client.renderer.vertex.VertexFormatElement$EnumUsage.postDraw
[22:00:35] [Client thread/INFO]: [OptiFine] (Reflector) Method not present: net.minecraft.world.World.countEntities
[22:00:35] [Client thread/INFO]: [OptiFine] (Reflector) Method not present: net.minecraft.world.World.getPerWorldStorage
[22:00:35] [Client thread/INFO]: [OptiFine] (Reflector) Method not present: net.minecraft.world.WorldProvider.getCloudRenderer
[22:00:35] [Client thread/INFO]: [OptiFine] (Reflector) Method not present: net.minecraft.world.WorldProvider.getSkyRenderer
[22:00:35] [Client thread/INFO]: [OptiFine] (Reflector) Method not present: net.minecraft.world.WorldProvider.getWeatherRenderer
[22:00:35] [Client thread/INFO]: [OptiFine] (Reflector) Class not present: net.minecraftforge.fml.client.GuiModList
[22:00:35] [Client thread/INFO]: [OptiFine] (Reflector) Class not present: net.minecraftforge.client.model.IColoredBakedQuad
[22:00:35] [Client thread/INFO]: [OptiFine] (Reflector) Class not present: net.minecraftforge.common.property.IExtendedBlockState
[22:00:35] [Client thread/INFO]: [OptiFine] (Reflector) Class not present: net.minecraftforge.client.IRenderHandler
[22:00:35] [Client thread/INFO]: [OptiFine] (Reflector) Class not present: net.minecraftforge.client.model.ISmartBlockModel
[22:00:35] [Client thread/INFO]: [OptiFine] (Reflector) Class not present: net.minecraftforge.client.ItemModelMesherForge
[22:00:35] [Client thread/INFO]: [OptiFine] (Reflector) Class not present: net.minecraft.launchwrapper.Launch
[22:00:35] [Client thread/INFO]: [OptiFine] (Reflector) Class not present: net.minecraftforge.client.model.pipeline.LightUtil
[22:00:35] [Client thread/INFO]: [OptiFine] (Reflector) Class not present: net.minecraftforge.common.MinecraftForge
[22:00:35] [Client thread/INFO]: [OptiFine] (Reflector) Class not present: net.minecraftforge.client.MinecraftForgeClient
[22:00:35] [Client thread/INFO]: [OptiFine] (Reflector) Class not present: net.minecraftforge.client.model.ModelLoader
[22:00:35] [Client thread/INFO]: [OptiFine] (Reflector) Class not present: net.minecraftforge.client.event.RenderBlockOverlayEvent$OverlayType
[22:00:35] [Client thread/INFO]: [OptiFine] (Reflector) Class not present: net.minecraftforge.fml.client.registry.RenderingRegistry
[22:00:35] [Client thread/INFO]: [OptiFine] (Reflector) Class not present: net.minecraftforge.client.event.RenderItemInFrameEvent
[22:00:35] [Client thread/INFO]: [OptiFine] (Reflector) Class not present: net.minecraftforge.client.event.RenderLivingEvent$Pre
[22:00:35] [Client thread/INFO]: [OptiFine] (Reflector) Class not present: net.minecraftforge.client.event.RenderLivingEvent$Post
[22:00:35] [Client thread/INFO]: [OptiFine] (Reflector) Class not present: net.minecraftforge.client.event.RenderLivingEvent$Specials$Pre
[22:00:35] [Client thread/INFO]: [OptiFine] (Reflector) Class not present: net.minecraftforge.client.event.RenderLivingEvent$Specials$Post
[22:00:35] [Client thread/INFO]: [OptiFine] (Reflector) Class not present: net.minecraftforge.fml.client.SplashProgress
[22:00:35] [Client thread/INFO]: [OptiFine] (Reflector) Class not present: net.minecraftforge.event.world.WorldEvent$Load
[22:00:35] [Client thread/INFO]: [OptiFine] *** Reflector Vanilla ***
[22:00:35] [Client thread/INFO]: [OptiFine] (Reflector) Class not present: optifine.OptiFineClassTransformer
[22:00:35] [Client thread/INFO]: LWJGL Version: 2.9.4
[22:00:36] [Client thread/INFO]: [OptiFine] 
[22:00:36] [Client thread/INFO]: [OptiFine] OptiFine_1.8.8_HD_U_H8
[22:00:36] [Client thread/INFO]: [OptiFine] Build: null
[22:00:36] [Client thread/INFO]: [OptiFine] OS: Windows 10 (amd64) version 10.0
[22:00:36] [Client thread/INFO]: [OptiFine] Java: 1.8.0_311, Oracle Corporation
[22:00:36] [Client thread/INFO]: [OptiFine] VM: Java HotSpot(TM) 64-Bit Server VM (mixed mode), Oracle Corporation
[22:00:36] [Client thread/INFO]: [OptiFine] LWJGL: 2.9.4
[22:00:36] [Client thread/INFO]: [OptiFine] OpenGL: NVIDIA GeForce GTX 1650 SUPER/PCIe/SSE2, version 4.6.0 NVIDIA 471.96, NVIDIA Corporation
[22:00:36] [Client thread/INFO]: [OptiFine] OpenGL Version: 4.6.0
[22:00:36] [Client thread/INFO]: [OptiFine] Maximum texture size: 32768x32768
[22:00:36] [Thread-4/INFO]: [OptiFine] Checking for new version
[22:00:36] [Client thread/INFO]: [Shaders] ShadersMod version: 2.4.12
[22:00:36] [Client thread/INFO]: [Shaders] OpenGL Version: 4.6.0 NVIDIA 471.96
[22:00:36] [Client thread/INFO]: [Shaders] Vendor:  NVIDIA Corporation
[22:00:36] [Client thread/INFO]: [Shaders] Renderer: NVIDIA GeForce GTX 1650 SUPER/PCIe/SSE2
[22:00:36] [Client thread/INFO]: [Shaders] Capabilities:  2.0  2.1  3.0  3.2  4.0 
[22:00:36] [Client thread/INFO]: [Shaders] GL_MAX_DRAW_BUFFERS: 8
[22:00:36] [Client thread/INFO]: [Shaders] GL_MAX_COLOR_ATTACHMENTS_EXT: 8
[22:00:36] [Client thread/INFO]: [Shaders] GL_MAX_TEXTURE_IMAGE_UNITS: 32
[22:00:36] [Client thread/INFO]: [Shaders] Load ShadersMod configuration.
[22:00:36] [Client thread/INFO]: [Shaders] Save ShadersMod configuration.
[22:00:36] [Client thread/INFO]: [Shaders] No shaderpack loaded.
[22:00:36] [Client thread/INFO]: Reloading ResourceManager: Default
[22:00:36] [Client thread/INFO]: [OptiFine] *** Reloading textures ***
[22:00:36] [Client thread/INFO]: [OptiFine] Resource packs: Default
[22:00:36] [Sound Library Loader/INFO]: Starting up SoundSystem...
[22:00:36] [Thread-5/INFO]: Initializing No Sound
[22:00:36] [Thread-5/INFO]: (Silent Mode)
[22:00:36] [Thread-4/INFO]: [OptiFine] Version found: I7
[22:00:36] [Sound Library Loader/INFO]: Sound engine started
[22:00:37] [Client thread/INFO]: [OptiFine] Mipmap levels: 4
[22:00:37] [Client thread/INFO]: [OptiFine] Multitexture: false
[22:00:37] [Client thread/INFO]: [OptiFine] ConnectedTextures: mcpatcher/ctm/default/0_glass_white/glass_pane_white.properties
[22:00:37] [Client thread/INFO]: [OptiFine] ConnectedTextures: mcpatcher/ctm/default/0_glass_white/glass_white.properties
[22:00:37] [Client thread/INFO]: [OptiFine] ConnectedTextures: mcpatcher/ctm/default/10_glass_purple/glass_pane_purple.properties
[22:00:37] [Client thread/INFO]: [OptiFine] ConnectedTextures: mcpatcher/ctm/default/10_glass_purple/glass_purple.properties
[22:00:37] [Client thread/INFO]: [OptiFine] ConnectedTextures: mcpatcher/ctm/default/11_glass_blue/glass_blue.properties
[22:00:37] [Client thread/INFO]: [OptiFine] ConnectedTextures: mcpatcher/ctm/default/11_glass_blue/glass_pane_blue.properties
[22:00:37] [Client thread/INFO]: [OptiFine] ConnectedTextures: mcpatcher/ctm/default/12_glass_brown/glass_brown.properties
[22:00:37] [Client thread/INFO]: [OptiFine] ConnectedTextures: mcpatcher/ctm/default/12_glass_brown/glass_pane_brown.properties
[22:00:37] [Client thread/INFO]: [OptiFine] ConnectedTextures: mcpatcher/ctm/default/13_glass_green/glass_green.properties
[22:00:37] [Client thread/INFO]: [OptiFine] ConnectedTextures: mcpatcher/ctm/default/13_glass_green/glass_pane_green.properties
[22:00:37] [Client thread/INFO]: [OptiFine] ConnectedTextures: mcpatcher/ctm/default/14_glass_red/glass_pane_red.properties
[22:00:37] [Client thread/INFO]: [OptiFine] ConnectedTextures: mcpatcher/ctm/default/14_glass_red/glass_red.properties
[22:00:37] [Client thread/INFO]: [OptiFine] ConnectedTextures: mcpatcher/ctm/default/15_glass_black/glass_black.properties
[22:00:37] [Client thread/INFO]: [OptiFine] ConnectedTextures: mcpatcher/ctm/default/15_glass_black/glass_pane_black.properties
[22:00:37] [Client thread/INFO]: [OptiFine] ConnectedTextures: mcpatcher/ctm/default/1_glass_orange/glass_orange.properties
[22:00:37] [Client thread/INFO]: [OptiFine] ConnectedTextures: mcpatcher/ctm/default/1_glass_orange/glass_pane_orange.properties
[22:00:37] [Client thread/INFO]: [OptiFine] ConnectedTextures: mcpatcher/ctm/default/2_glass_magenta/glass_magenta.properties
[22:00:37] [Client thread/INFO]: [OptiFine] ConnectedTextures: mcpatcher/ctm/default/2_glass_magenta/glass_pane_magenta.properties
[22:00:37] [Client thread/INFO]: [OptiFine] ConnectedTextures: mcpatcher/ctm/default/3_glass_light_blue/glass_light_blue.properties
[22:00:37] [Client thread/INFO]: [OptiFine] ConnectedTextures: mcpatcher/ctm/default/3_glass_light_blue/glass_pane_light_blue.properties
[22:00:37] [Client thread/INFO]: [OptiFine] ConnectedTextures: mcpatcher/ctm/default/4_glass_yellow/glass_pane_yellow.properties
[22:00:37] [Client thread/INFO]: [OptiFine] ConnectedTextures: mcpatcher/ctm/default/4_glass_yellow/glass_yellow.properties
[22:00:37] [Client thread/INFO]: [OptiFine] ConnectedTextures: mcpatcher/ctm/default/5_glass_lime/glass_lime.properties
[22:00:37] [Client thread/INFO]: [OptiFine] ConnectedTextures: mcpatcher/ctm/default/5_glass_lime/glass_pane_lime.properties
[22:00:37] [Client thread/INFO]: [OptiFine] ConnectedTextures: mcpatcher/ctm/default/6_glass_pink/glass_pane_pink.properties
[22:00:37] [Client thread/INFO]: [OptiFine] ConnectedTextures: mcpatcher/ctm/default/6_glass_pink/glass_pink.properties
[22:00:37] [Client thread/INFO]: [OptiFine] ConnectedTextures: mcpatcher/ctm/default/7_glass_gray/glass_gray.properties
[22:00:37] [Client thread/INFO]: [OptiFine] ConnectedTextures: mcpatcher/ctm/default/7_glass_gray/glass_pane_gray.properties
[22:00:37] [Client thread/INFO]: [OptiFine] ConnectedTextures: mcpatcher/ctm/default/8_glass_silver/glass_pane_silver.properties
[22:00:37] [Client thread/INFO]: [OptiFine] ConnectedTextures: mcpatcher/ctm/default/8_glass_silver/glass_silver.properties
[22:00:37] [Client thread/INFO]: [OptiFine] ConnectedTextures: mcpatcher/ctm/default/9_glass_cyan/glass_cyan.properties
[22:00:37] [Client thread/INFO]: [OptiFine] ConnectedTextures: mcpatcher/ctm/default/9_glass_cyan/glass_pane_cyan.properties
[22:00:37] [Client thread/INFO]: [OptiFine] ConnectedTextures: mcpatcher/ctm/default/bookshelf.properties
[22:00:37] [Client thread/INFO]: [OptiFine] ConnectedTextures: mcpatcher/ctm/default/glass.properties
[22:00:37] [Client thread/INFO]: [OptiFine] ConnectedTextures: mcpatcher/ctm/default/glasspane.properties
[22:00:37] [Client thread/INFO]: [OptiFine] ConnectedTextures: mcpatcher/ctm/default/sandstone.properties
[22:00:37] [Client thread/INFO]: [OptiFine] Multipass connected textures: false
[22:00:38] [Client thread/INFO]: Created: 1024x512 textures-atlas
[22:00:39] [Client thread/INFO]: Loading translations...
[22:00:39] [Client thread/INFO]: Registering protocols...
[22:00:39] [Via-Mappingloader-0/INFO]: Loading 1.12 -> 1.13 mappings...
[22:00:39] [Via-Mappingloader-1/INFO]: Loading 1.13 -> 1.13.2 mappings...
[22:00:39] [Via-Mappingloader-0/INFO]: Loading block connection mappings ...
[22:00:39] [Via-Mappingloader-2/INFO]: Loading 1.13.2 -> 1.14 mappings...
[22:00:39] [Via-Mappingloader-3/INFO]: Loading 1.14 -> 1.15 mappings...
[22:00:39] [Via-Mappingloader-4/INFO]: Loading 1.15 -> 1.16 mappings...
[22:00:39] [Via-Mappingloader-3/INFO]: Loading 1.16 -> 1.16.2 mappings...
[22:00:39] [Via-Mappingloader-3/INFO]: Loading 1.13 -> 1.12 mappings...
[22:00:39] [Via-Mappingloader-0/INFO]: Loading 1.13.2 -> 1.13 mappings...
[22:00:39] [Via-Mappingloader-0/INFO]: Loading 1.14 -> 1.13.2 mappings...
[22:00:39] [Via-Mappingloader-3/INFO]: Loading 1.15 -> 1.14 mappings...
[22:00:39] [Via-Mappingloader-3/INFO]: Loading 1.16 -> 1.15 mappings...
[22:00:39] [Via-Mappingloader-0/INFO]: Loading 1.16.2 -> 1.16 mappings...
[22:00:39] [ViaFabric-0/INFO]: ViaVersion detected server version: 1.8.x(47)
[22:00:39] [ViaFabric-0/WARN]: This version of Minecraft is over half a decade old and support for it will be fully dropped eventually. Please upgrade to a newer version to avoid encountering bugs and stability issues that have long been fixed.
[22:00:39] [ViaFabric-0/INFO]: Finished mapping loading, shutting down loader executor!
[22:00:40] [ViaFabric-0/WARN]: There is a newer version available: 4.1.1, you're on: 3.3.0
[22:01:05] [Client thread/INFO]: [OptiFine] *** Reloading custom textures ***
[22:01:05] [Client thread/INFO]: [OptiFine] Enable face culling: acacia_leaves, birch_leaves, dark_oak_leaves, jungle_leaves, oak_leaves, spruce_leaves
[22:01:20] [Client thread/FATAL]: Unreported exception thrown!
java.lang.RuntimeException: No OpenGL context found in the current thread.
	at org.lwjgl.opengl.GLContext.getCapabilities(GLContext.java:124) ~[lwjgl-2.9.4-nightly-20150209.jar:?]
	at org.lwjgl.opengl.GL11.glGetError(GL11.java:1299) ~[lwjgl-2.9.4-nightly-20150209.jar:?]
	at net.minecraft.client.Minecraft.checkGLError(Minecraft.java:983) ~[bin/:?]
	at net.minecraft.client.Minecraft.runGameLoop(Minecraft.java:1064) ~[bin/:?]
	at net.minecraft.client.Minecraft.run(Minecraft.java:469) [bin/:?]
	at net.minecraft.client.main.Main.main(Main.java:117) [bin/:?]
	at Start.main(Start.java:7) [bin/:?]
